<?xml version="1.0" encoding="UTF-8"?>
<!-- Generated by org.testng.reporters.JUnitReportReporter -->
<testsuite skipped="0" hostname="LAPTOP-U32BOAQF" name="com.qsp.bigbasket_test.Bigbasket_ValidLogin_Test" tests="1" failures="0" timestamp="07 May 2018 03:18:51 GMT" time="82.913" errors="0">
  <testcase name="LoginandLogout" time="82.913" classname="com.qsp.bigbasket_test.Bigbasket_ValidLogin_Test"/>
</testsuite> <!-- com.qsp.bigbasket_test.Bigbasket_ValidLogin_Test -->
